<?xml version="1.0" encoding="UTF-8"?>
<testsuite xmlns:xsi="http://www.w3.org/2001/XMLSchema-instance" xsi:noNamespaceSchemaLocation="https://maven.apache.org/surefire/maven-surefire-plugin/xsd/surefire-test-report-3.0.xsd" version="3.0" name="com.norbertkoziana.Session.Authentication.auth.CompleteLocalAuthenticationTest" time="6.297" tests="3" errors="0" skipped="0" failures="0">
  <properties>
[...]
</properties>
  <testcase name="ShouldNotLogInIntoAccountThatDidNotConfirmEmailAddressTest" classname="com.norbertkoziana.Session.Authentication.auth.CompleteLocalAuthenticationTest" time="2.007">
    <system-out><![CDATA[2024-08-18T22:00:52.210+02:00  INFO 28692 --- [Session-Authentication] [           main] t.c.s.AnnotationConfigContextLoaderUtils : Could not detect default configuration classes for test class [com.norbertkoziana.Session.Authentication.auth.CompleteLocalAuthenticationTest]: CompleteLocalAuthenticationTest does not declare any static, non-private, non-final, nested classes annotated with @Configuration.
2024-08-18T22:00:52.221+02:00  INFO 28692 --- [Session-Authentication] [           main] .b.t.c.SpringBootTestContextBootstrapper : Found @SpringBootConfiguration com.norbertkoziana.Session.Authentication.SessionAuthenticationApplication for test class com.norbertkoziana.Session.Authentication.auth.CompleteLocalAuthenticationTest

  .   ____          _            __ _ _
 /\\ / ___'_ __ _ _(_)_ __  __ _ \ \ \ \
( ( )\___ | '_ | '_| | '_ \/ _` | \ \ \ \
 \\/  ___)| |_)| | | | | || (_| |  ) ) ) )
  '  |____| .__|_| |_|_| |_\__, | / / / /
 =========|_|==============|___/=/_/_/_/

 :: Spring Boot ::                (v3.3.2)

2024-08-18T22:00:52.282+02:00  INFO 28692 --- [Session-Authentication] [           main] .n.S.A.a.CompleteLocalAuthenticationTest : Starting CompleteLocalAuthenticationTest using Java 21.0.2 with PID 28692 (started by kozia in C:\Users\kozia\Desktop\SpringBoot\8_session_auth\Session Authentication\Session-Authentication)
2024-08-18T22:00:52.282+02:00  INFO 28692 --- [Session-Authentication] [           main] .n.S.A.a.CompleteLocalAuthenticationTest : No active profile set, falling back to 1 default profile: "default"
2024-08-18T22:00:52.758+02:00  INFO 28692 --- [Session-Authentication] [           main] .s.d.r.c.RepositoryConfigurationDelegate : Multiple Spring Data modules found, entering strict repository configuration mode
2024-08-18T22:00:52.759+02:00  INFO 28692 --- [Session-Authentication] [           main] .s.d.r.c.RepositoryConfigurationDelegate : Bootstrapping Spring Data JPA repositories in DEFAULT mode.
2024-08-18T22:00:52.797+02:00  INFO 28692 --- [Session-Authentication] [           main] .s.d.r.c.RepositoryConfigurationDelegate : Finished Spring Data repository scanning in 38 ms. Found 2 JPA repository interfaces.
2024-08-18T22:00:52.806+02:00  INFO 28692 --- [Session-Authentication] [           main] .s.d.r.c.RepositoryConfigurationDelegate : Multiple Spring Data modules found, entering strict repository configuration mode
2024-08-18T22:00:52.806+02:00  INFO 28692 --- [Session-Authentication] [           main] .s.d.r.c.RepositoryConfigurationDelegate : Bootstrapping Spring Data Redis repositories in DEFAULT mode.
2024-08-18T22:00:52.811+02:00  INFO 28692 --- [Session-Authentication] [           main] .RepositoryConfigurationExtensionSupport : Spring Data Redis - Could not safely identify store assignment for repository candidate interface com.norbertkoziana.Session.Authentication.confirmation.ConfirmationRepository; If you want this repository to be a Redis repository, consider annotating your entities with one of these annotations: org.springframework.data.redis.core.RedisHash (preferred), or consider extending one of the following types with your repository: org.springframework.data.keyvalue.repository.KeyValueRepository
2024-08-18T22:00:52.812+02:00  INFO 28692 --- [Session-Authentication] [           main] .RepositoryConfigurationExtensionSupport : Spring Data Redis - Could not safely identify store assignment for repository candidate interface com.norbertkoziana.Session.Authentication.user.UserRepository; If you want this repository to be a Redis repository, consider annotating your entities with one of these annotations: org.springframework.data.redis.core.RedisHash (preferred), or consider extending one of the following types with your repository: org.springframework.data.keyvalue.repository.KeyValueRepository
2024-08-18T22:00:52.812+02:00  INFO 28692 --- [Session-Authentication] [           main] .s.d.r.c.RepositoryConfigurationDelegate : Finished Spring Data repository scanning in 5 ms. Found 0 Redis repository interfaces.
2024-08-18T22:00:53.145+02:00  INFO 28692 --- [Session-Authentication] [           main] o.hibernate.jpa.internal.util.LogHelper  : HHH000204: Processing PersistenceUnitInfo [name: default]
2024-08-18T22:00:53.150+02:00  INFO 28692 --- [Session-Authentication] [           main] o.h.c.internal.RegionFactoryInitiator    : HHH000026: Second-level cache disabled
2024-08-18T22:00:53.168+02:00  INFO 28692 --- [Session-Authentication] [           main] o.s.o.j.p.SpringPersistenceUnitInfo      : No LoadTimeWeaver setup: ignoring JPA class transformer
2024-08-18T22:00:53.170+02:00  INFO 28692 --- [Session-Authentication] [           main] com.zaxxer.hikari.HikariDataSource       : HikariPool-2 - Starting...
2024-08-18T22:00:53.172+02:00  INFO 28692 --- [Session-Authentication] [           main] com.zaxxer.hikari.pool.HikariPool        : HikariPool-2 - Added connection conn10: url=jdbc:h2:mem:testdb user=SA
2024-08-18T22:00:53.172+02:00  INFO 28692 --- [Session-Authentication] [           main] com.zaxxer.hikari.HikariDataSource       : HikariPool-2 - Start completed.
2024-08-18T22:00:53.255+02:00  INFO 28692 --- [Session-Authentication] [           main] o.h.e.t.j.p.i.JtaPlatformInitiator       : HHH000489: No JTA platform available (set 'hibernate.transaction.jta.platform' to enable JTA platform integration)
Hibernate: drop table if exists confirmation_token cascade 
Hibernate: drop table if exists users cascade 
Hibernate: create table confirmation_token (confirmed boolean, id integer generated by default as identity, user_id integer, expires_at timestamp(6), token varchar(255), primary key (id))
Hibernate: create table users (enabled boolean, id integer generated by default as identity, locked boolean, email varchar(255), first_name varchar(255), last_name varchar(255), password varchar(255), role enum ('Admin','User'), primary key (id))
Hibernate: alter table if exists confirmation_token add constraint FKah4p1rycwibwm6s9bsyeckq51 foreign key (user_id) references users
2024-08-18T22:00:53.266+02:00  INFO 28692 --- [Session-Authentication] [           main] j.LocalContainerEntityManagerFactoryBean : Initialized JPA EntityManagerFactory for persistence unit 'default'
2024-08-18T22:00:53.471+02:00  WARN 28692 --- [Session-Authentication] [           main] JpaBaseConfiguration$JpaWebConfiguration : spring.jpa.open-in-view is enabled by default. Therefore, database queries may be performed during view rendering. Explicitly configure spring.jpa.open-in-view to disable this warning
2024-08-18T22:00:53.487+02:00  INFO 28692 --- [Session-Authentication] [           main] r$InitializeUserDetailsManagerConfigurer : Global AuthenticationManager configured with UserDetailsService bean with name userDetailsService
2024-08-18T22:00:53.952+02:00  INFO 28692 --- [Session-Authentication] [           main] o.s.b.t.m.w.SpringBootMockServletContext : Initializing Spring TestDispatcherServlet ''
2024-08-18T22:00:53.952+02:00  INFO 28692 --- [Session-Authentication] [           main] o.s.t.web.servlet.TestDispatcherServlet  : Initializing Servlet ''
2024-08-18T22:00:53.953+02:00  INFO 28692 --- [Session-Authentication] [           main] o.s.t.web.servlet.TestDispatcherServlet  : Completed initialization in 1 ms
2024-08-18T22:00:53.968+02:00  INFO 28692 --- [Session-Authentication] [           main] .n.S.A.a.CompleteLocalAuthenticationTest : Started CompleteLocalAuthenticationTest in 1.736 seconds (process running for 16.099)
2024-08-18T22:00:54.133+02:00  INFO 28692 --- [Session-Authentication] [           main] j.LocalContainerEntityManagerFactoryBean : Closing JPA EntityManagerFactory for persistence unit 'default'
Hibernate: drop table if exists confirmation_token cascade 
Hibernate: drop table if exists users cascade 
2024-08-18T22:00:54.142+02:00  INFO 28692 --- [Session-Authentication] [           main] com.zaxxer.hikari.HikariDataSource       : HikariPool-2 - Shutdown initiated...
2024-08-18T22:00:54.146+02:00  INFO 28692 --- [Session-Authentication] [           main] com.zaxxer.hikari.HikariDataSource       : HikariPool-2 - Shutdown completed.

  .   ____          _            __ _ _
 /\\ / ___'_ __ _ _(_)_ __  __ _ \ \ \ \
( ( )\___ | '_ | '_| | '_ \/ _` | \ \ \ \
 \\/  ___)| |_)| | | | | || (_| |  ) ) ) )
  '  |____| .__|_| |_|_| |_\__, | / / / /
 =========|_|==============|___/=/_/_/_/

 :: Spring Boot ::                (v3.3.2)

2024-08-18T22:00:54.201+02:00  INFO 28692 --- [Session-Authentication] [           main] .n.S.A.a.CompleteLocalAuthenticationTest : Starting CompleteLocalAuthenticationTest using Java 21.0.2 with PID 28692 (started by kozia in C:\Users\kozia\Desktop\SpringBoot\8_session_auth\Session Authentication\Session-Authentication)
2024-08-18T22:00:54.202+02:00  INFO 28692 --- [Session-Authentication] [           main] .n.S.A.a.CompleteLocalAuthenticationTest : No active profile set, falling back to 1 default profile: "default"
2024-08-18T22:00:54.538+02:00  INFO 28692 --- [Session-Authentication] [           main] .s.d.r.c.RepositoryConfigurationDelegate : Multiple Spring Data modules found, entering strict repository configuration mode
2024-08-18T22:00:54.539+02:00  INFO 28692 --- [Session-Authentication] [           main] .s.d.r.c.RepositoryConfigurationDelegate : Bootstrapping Spring Data JPA repositories in DEFAULT mode.
2024-08-18T22:00:54.576+02:00  INFO 28692 --- [Session-Authentication] [           main] .s.d.r.c.RepositoryConfigurationDelegate : Finished Spring Data repository scanning in 37 ms. Found 2 JPA repository interfaces.
2024-08-18T22:00:54.582+02:00  INFO 28692 --- [Session-Authentication] [           main] .s.d.r.c.RepositoryConfigurationDelegate : Multiple Spring Data modules found, entering strict repository configuration mode
2024-08-18T22:00:54.582+02:00  INFO 28692 --- [Session-Authentication] [           main] .s.d.r.c.RepositoryConfigurationDelegate : Bootstrapping Spring Data Redis repositories in DEFAULT mode.
2024-08-18T22:00:54.587+02:00  INFO 28692 --- [Session-Authentication] [           main] .RepositoryConfigurationExtensionSupport : Spring Data Redis - Could not safely identify store assignment for repository candidate interface com.norbertkoziana.Session.Authentication.confirmation.ConfirmationRepository; If you want this repository to be a Redis repository, consider annotating your entities with one of these annotations: org.springframework.data.redis.core.RedisHash (preferred), or consider extending one of the following types with your repository: org.springframework.data.keyvalue.repository.KeyValueRepository
2024-08-18T22:00:54.588+02:00  INFO 28692 --- [Session-Authentication] [           main] .RepositoryConfigurationExtensionSupport : Spring Data Redis - Could not safely identify store assignment for repository candidate interface com.norbertkoziana.Session.Authentication.user.UserRepository; If you want this repository to be a Redis repository, consider annotating your entities with one of these annotations: org.springframework.data.redis.core.RedisHash (preferred), or consider extending one of the following types with your repository: org.springframework.data.keyvalue.repository.KeyValueRepository
2024-08-18T22:00:54.588+02:00  INFO 28692 --- [Session-Authentication] [           main] .s.d.r.c.RepositoryConfigurationDelegate : Finished Spring Data repository scanning in 6 ms. Found 0 Redis repository interfaces.
2024-08-18T22:00:54.729+02:00  INFO 28692 --- [Session-Authentication] [           main] o.hibernate.jpa.internal.util.LogHelper  : HHH000204: Processing PersistenceUnitInfo [name: default]
2024-08-18T22:00:54.733+02:00  INFO 28692 --- [Session-Authentication] [           main] o.h.c.internal.RegionFactoryInitiator    : HHH000026: Second-level cache disabled
2024-08-18T22:00:54.749+02:00  INFO 28692 --- [Session-Authentication] [           main] o.s.o.j.p.SpringPersistenceUnitInfo      : No LoadTimeWeaver setup: ignoring JPA class transformer
2024-08-18T22:00:54.751+02:00  INFO 28692 --- [Session-Authentication] [           main] com.zaxxer.hikari.HikariDataSource       : HikariPool-3 - Starting...
2024-08-18T22:00:54.753+02:00  INFO 28692 --- [Session-Authentication] [           main] com.zaxxer.hikari.pool.HikariPool        : HikariPool-3 - Added connection conn20: url=jdbc:h2:mem:testdb user=SA
2024-08-18T22:00:54.754+02:00  INFO 28692 --- [Session-Authentication] [           main] com.zaxxer.hikari.HikariDataSource       : HikariPool-3 - Start completed.
2024-08-18T22:00:54.846+02:00  INFO 28692 --- [Session-Authentication] [           main] o.h.e.t.j.p.i.JtaPlatformInitiator       : HHH000489: No JTA platform available (set 'hibernate.transaction.jta.platform' to enable JTA platform integration)
Hibernate: drop table if exists confirmation_token cascade 
Hibernate: drop table if exists users cascade 
Hibernate: create table confirmation_token (confirmed boolean, id integer generated by default as identity, user_id integer, expires_at timestamp(6), token varchar(255), primary key (id))
Hibernate: create table users (enabled boolean, id integer generated by default as identity, locked boolean, email varchar(255), first_name varchar(255), last_name varchar(255), password varchar(255), role enum ('Admin','User'), primary key (id))
Hibernate: alter table if exists confirmation_token add constraint FKah4p1rycwibwm6s9bsyeckq51 foreign key (user_id) references users
2024-08-18T22:00:54.855+02:00  INFO 28692 --- [Session-Authentication] [           main] j.LocalContainerEntityManagerFactoryBean : Initialized JPA EntityManagerFactory for persistence unit 'default'
2024-08-18T22:00:54.968+02:00  WARN 28692 --- [Session-Authentication] [           main] JpaBaseConfiguration$JpaWebConfiguration : spring.jpa.open-in-view is enabled by default. Therefore, database queries may be performed during view rendering. Explicitly configure spring.jpa.open-in-view to disable this warning
2024-08-18T22:00:54.975+02:00  INFO 28692 --- [Session-Authentication] [           main] r$InitializeUserDetailsManagerConfigurer : Global AuthenticationManager configured with UserDetailsService bean with name userDetailsService
2024-08-18T22:00:55.214+02:00  INFO 28692 --- [Session-Authentication] [           main] o.s.b.t.m.w.SpringBootMockServletContext : Initializing Spring TestDispatcherServlet ''
2024-08-18T22:00:55.214+02:00  INFO 28692 --- [Session-Authentication] [           main] o.s.t.web.servlet.TestDispatcherServlet  : Initializing Servlet ''
2024-08-18T22:00:55.215+02:00  INFO 28692 --- [Session-Authentication] [           main] o.s.t.web.servlet.TestDispatcherServlet  : Completed initialization in 1 ms
2024-08-18T22:00:55.222+02:00  INFO 28692 --- [Session-Authentication] [           main] .n.S.A.a.CompleteLocalAuthenticationTest : Started CompleteLocalAuthenticationTest in 1.067 seconds (process running for 17.353)
2024-08-18T22:00:55.231+02:00  INFO 28692 --- [Session-Authentication] [           main] o.s.b.t.m.w.SpringBootMockServletContext : Initializing Spring TestDispatcherServlet ''
2024-08-18T22:00:55.231+02:00  INFO 28692 --- [Session-Authentication] [           main] o.s.t.web.servlet.TestDispatcherServlet  : Initializing Servlet ''
2024-08-18T22:00:55.232+02:00  INFO 28692 --- [Session-Authentication] [           main] o.s.t.web.servlet.TestDispatcherServlet  : Completed initialization in 1 ms
Hibernate: select u1_0.id,u1_0.email,u1_0.enabled,u1_0.first_name,u1_0.last_name,u1_0.locked,u1_0.password,u1_0.role from users u1_0 where u1_0.email=?
Hibernate: insert into users (email,enabled,first_name,last_name,locked,password,role,id) values (?,?,?,?,?,?,?,default)
Hibernate: insert into confirmation_token (confirmed,expires_at,token,user_id,id) values (?,?,?,?,default)
Hibernate: select u1_0.id,u1_0.email,u1_0.enabled,u1_0.first_name,u1_0.last_name,u1_0.locked,u1_0.password,u1_0.role from users u1_0 where u1_0.email=?
]]></system-out>
  </testcase>
  <testcase name="ShouldNotLogInIntoAccountThatDoesNotExist" classname="com.norbertkoziana.Session.Authentication.auth.CompleteLocalAuthenticationTest" time="1.17">
    <system-out><![CDATA[2024-08-18T22:00:56.095+02:00  INFO 28692 --- [Session-Authentication] [           main] j.LocalContainerEntityManagerFactoryBean : Closing JPA EntityManagerFactory for persistence unit 'default'
Hibernate: drop table if exists confirmation_token cascade 
Hibernate: drop table if exists users cascade 
2024-08-18T22:00:56.098+02:00  INFO 28692 --- [Session-Authentication] [           main] com.zaxxer.hikari.HikariDataSource       : HikariPool-3 - Shutdown initiated...
2024-08-18T22:00:56.099+02:00  INFO 28692 --- [Session-Authentication] [           main] com.zaxxer.hikari.HikariDataSource       : HikariPool-3 - Shutdown completed.

  .   ____          _            __ _ _
 /\\ / ___'_ __ _ _(_)_ __  __ _ \ \ \ \
( ( )\___ | '_ | '_| | '_ \/ _` | \ \ \ \
 \\/  ___)| |_)| | | | | || (_| |  ) ) ) )
  '  |____| .__|_| |_|_| |_\__, | / / / /
 =========|_|==============|___/=/_/_/_/

 :: Spring Boot ::                (v3.3.2)

2024-08-18T22:00:56.128+02:00  INFO 28692 --- [Session-Authentication] [           main] .n.S.A.a.CompleteLocalAuthenticationTest : Starting CompleteLocalAuthenticationTest using Java 21.0.2 with PID 28692 (started by kozia in C:\Users\kozia\Desktop\SpringBoot\8_session_auth\Session Authentication\Session-Authentication)
2024-08-18T22:00:56.129+02:00  INFO 28692 --- [Session-Authentication] [           main] .n.S.A.a.CompleteLocalAuthenticationTest : No active profile set, falling back to 1 default profile: "default"
2024-08-18T22:00:56.439+02:00  INFO 28692 --- [Session-Authentication] [           main] .s.d.r.c.RepositoryConfigurationDelegate : Multiple Spring Data modules found, entering strict repository configuration mode
2024-08-18T22:00:56.439+02:00  INFO 28692 --- [Session-Authentication] [           main] .s.d.r.c.RepositoryConfigurationDelegate : Bootstrapping Spring Data JPA repositories in DEFAULT mode.
2024-08-18T22:00:56.464+02:00  INFO 28692 --- [Session-Authentication] [           main] .s.d.r.c.RepositoryConfigurationDelegate : Finished Spring Data repository scanning in 25 ms. Found 2 JPA repository interfaces.
2024-08-18T22:00:56.467+02:00  INFO 28692 --- [Session-Authentication] [           main] .s.d.r.c.RepositoryConfigurationDelegate : Multiple Spring Data modules found, entering strict repository configuration mode
2024-08-18T22:00:56.467+02:00  INFO 28692 --- [Session-Authentication] [           main] .s.d.r.c.RepositoryConfigurationDelegate : Bootstrapping Spring Data Redis repositories in DEFAULT mode.
2024-08-18T22:00:56.472+02:00  INFO 28692 --- [Session-Authentication] [           main] .RepositoryConfigurationExtensionSupport : Spring Data Redis - Could not safely identify store assignment for repository candidate interface com.norbertkoziana.Session.Authentication.confirmation.ConfirmationRepository; If you want this repository to be a Redis repository, consider annotating your entities with one of these annotations: org.springframework.data.redis.core.RedisHash (preferred), or consider extending one of the following types with your repository: org.springframework.data.keyvalue.repository.KeyValueRepository
2024-08-18T22:00:56.472+02:00  INFO 28692 --- [Session-Authentication] [           main] .RepositoryConfigurationExtensionSupport : Spring Data Redis - Could not safely identify store assignment for repository candidate interface com.norbertkoziana.Session.Authentication.user.UserRepository; If you want this repository to be a Redis repository, consider annotating your entities with one of these annotations: org.springframework.data.redis.core.RedisHash (preferred), or consider extending one of the following types with your repository: org.springframework.data.keyvalue.repository.KeyValueRepository
2024-08-18T22:00:56.472+02:00  INFO 28692 --- [Session-Authentication] [           main] .s.d.r.c.RepositoryConfigurationDelegate : Finished Spring Data repository scanning in 4 ms. Found 0 Redis repository interfaces.
2024-08-18T22:00:56.572+02:00  INFO 28692 --- [Session-Authentication] [           main] o.hibernate.jpa.internal.util.LogHelper  : HHH000204: Processing PersistenceUnitInfo [name: default]
2024-08-18T22:00:56.577+02:00  INFO 28692 --- [Session-Authentication] [           main] o.h.c.internal.RegionFactoryInitiator    : HHH000026: Second-level cache disabled
2024-08-18T22:00:56.588+02:00  INFO 28692 --- [Session-Authentication] [           main] o.s.o.j.p.SpringPersistenceUnitInfo      : No LoadTimeWeaver setup: ignoring JPA class transformer
2024-08-18T22:00:56.589+02:00  INFO 28692 --- [Session-Authentication] [           main] com.zaxxer.hikari.HikariDataSource       : HikariPool-4 - Starting...
2024-08-18T22:00:56.591+02:00  INFO 28692 --- [Session-Authentication] [           main] com.zaxxer.hikari.pool.HikariPool        : HikariPool-4 - Added connection conn30: url=jdbc:h2:mem:testdb user=SA
2024-08-18T22:00:56.591+02:00  INFO 28692 --- [Session-Authentication] [           main] com.zaxxer.hikari.HikariDataSource       : HikariPool-4 - Start completed.
2024-08-18T22:00:56.661+02:00  INFO 28692 --- [Session-Authentication] [           main] o.h.e.t.j.p.i.JtaPlatformInitiator       : HHH000489: No JTA platform available (set 'hibernate.transaction.jta.platform' to enable JTA platform integration)
Hibernate: drop table if exists confirmation_token cascade 
Hibernate: drop table if exists users cascade 
Hibernate: create table confirmation_token (confirmed boolean, id integer generated by default as identity, user_id integer, expires_at timestamp(6), token varchar(255), primary key (id))
Hibernate: create table users (enabled boolean, id integer generated by default as identity, locked boolean, email varchar(255), first_name varchar(255), last_name varchar(255), password varchar(255), role enum ('Admin','User'), primary key (id))
Hibernate: alter table if exists confirmation_token add constraint FKah4p1rycwibwm6s9bsyeckq51 foreign key (user_id) references users
2024-08-18T22:00:56.670+02:00  INFO 28692 --- [Session-Authentication] [           main] j.LocalContainerEntityManagerFactoryBean : Initialized JPA EntityManagerFactory for persistence unit 'default'
2024-08-18T22:00:56.755+02:00  WARN 28692 --- [Session-Authentication] [           main] JpaBaseConfiguration$JpaWebConfiguration : spring.jpa.open-in-view is enabled by default. Therefore, database queries may be performed during view rendering. Explicitly configure spring.jpa.open-in-view to disable this warning
2024-08-18T22:00:56.760+02:00  INFO 28692 --- [Session-Authentication] [           main] r$InitializeUserDetailsManagerConfigurer : Global AuthenticationManager configured with UserDetailsService bean with name userDetailsService
2024-08-18T22:00:56.968+02:00  INFO 28692 --- [Session-Authentication] [           main] o.s.b.t.m.w.SpringBootMockServletContext : Initializing Spring TestDispatcherServlet ''
2024-08-18T22:00:56.969+02:00  INFO 28692 --- [Session-Authentication] [           main] o.s.t.web.servlet.TestDispatcherServlet  : Initializing Servlet ''
2024-08-18T22:00:56.970+02:00  INFO 28692 --- [Session-Authentication] [           main] o.s.t.web.servlet.TestDispatcherServlet  : Completed initialization in 1 ms
2024-08-18T22:00:56.994+02:00  INFO 28692 --- [Session-Authentication] [           main] .n.S.A.a.CompleteLocalAuthenticationTest : Started CompleteLocalAuthenticationTest in 0.89 seconds (process running for 19.125)
2024-08-18T22:00:57.001+02:00  INFO 28692 --- [Session-Authentication] [           main] o.s.b.t.m.w.SpringBootMockServletContext : Initializing Spring TestDispatcherServlet ''
2024-08-18T22:00:57.001+02:00  INFO 28692 --- [Session-Authentication] [           main] o.s.t.web.servlet.TestDispatcherServlet  : Initializing Servlet ''
2024-08-18T22:00:57.002+02:00  INFO 28692 --- [Session-Authentication] [           main] o.s.t.web.servlet.TestDispatcherServlet  : Completed initialization in 1 ms
Hibernate: select u1_0.id,u1_0.email,u1_0.enabled,u1_0.first_name,u1_0.last_name,u1_0.locked,u1_0.password,u1_0.role from users u1_0 where u1_0.email=?
]]></system-out>
  </testcase>
  <testcase name="ShouldLogInIntoAccountAfterCorrectRegistration" classname="com.norbertkoziana.Session.Authentication.auth.CompleteLocalAuthenticationTest" time="1.343">
    <system-out><![CDATA[2024-08-18T22:00:57.275+02:00  INFO 28692 --- [Session-Authentication] [           main] j.LocalContainerEntityManagerFactoryBean : Closing JPA EntityManagerFactory for persistence unit 'default'
Hibernate: drop table if exists confirmation_token cascade 
Hibernate: drop table if exists users cascade 
2024-08-18T22:00:57.280+02:00  INFO 28692 --- [Session-Authentication] [           main] com.zaxxer.hikari.HikariDataSource       : HikariPool-4 - Shutdown initiated...
2024-08-18T22:00:57.281+02:00  INFO 28692 --- [Session-Authentication] [           main] com.zaxxer.hikari.HikariDataSource       : HikariPool-4 - Shutdown completed.

  .   ____          _            __ _ _
 /\\ / ___'_ __ _ _(_)_ __  __ _ \ \ \ \
( ( )\___ | '_ | '_| | '_ \/ _` | \ \ \ \
 \\/  ___)| |_)| | | | | || (_| |  ) ) ) )
  '  |____| .__|_| |_|_| |_\__, | / / / /
 =========|_|==============|___/=/_/_/_/

 :: Spring Boot ::                (v3.3.2)

2024-08-18T22:00:57.324+02:00  INFO 28692 --- [Session-Authentication] [           main] .n.S.A.a.CompleteLocalAuthenticationTest : Starting CompleteLocalAuthenticationTest using Java 21.0.2 with PID 28692 (started by kozia in C:\Users\kozia\Desktop\SpringBoot\8_session_auth\Session Authentication\Session-Authentication)
2024-08-18T22:00:57.325+02:00  INFO 28692 --- [Session-Authentication] [           main] .n.S.A.a.CompleteLocalAuthenticationTest : No active profile set, falling back to 1 default profile: "default"
2024-08-18T22:00:57.618+02:00  INFO 28692 --- [Session-Authentication] [           main] .s.d.r.c.RepositoryConfigurationDelegate : Multiple Spring Data modules found, entering strict repository configuration mode
2024-08-18T22:00:57.618+02:00  INFO 28692 --- [Session-Authentication] [           main] .s.d.r.c.RepositoryConfigurationDelegate : Bootstrapping Spring Data JPA repositories in DEFAULT mode.
2024-08-18T22:00:57.642+02:00  INFO 28692 --- [Session-Authentication] [           main] .s.d.r.c.RepositoryConfigurationDelegate : Finished Spring Data repository scanning in 23 ms. Found 2 JPA repository interfaces.
2024-08-18T22:00:57.646+02:00  INFO 28692 --- [Session-Authentication] [           main] .s.d.r.c.RepositoryConfigurationDelegate : Multiple Spring Data modules found, entering strict repository configuration mode
2024-08-18T22:00:57.646+02:00  INFO 28692 --- [Session-Authentication] [           main] .s.d.r.c.RepositoryConfigurationDelegate : Bootstrapping Spring Data Redis repositories in DEFAULT mode.
2024-08-18T22:00:57.652+02:00  INFO 28692 --- [Session-Authentication] [           main] .RepositoryConfigurationExtensionSupport : Spring Data Redis - Could not safely identify store assignment for repository candidate interface com.norbertkoziana.Session.Authentication.confirmation.ConfirmationRepository; If you want this repository to be a Redis repository, consider annotating your entities with one of these annotations: org.springframework.data.redis.core.RedisHash (preferred), or consider extending one of the following types with your repository: org.springframework.data.keyvalue.repository.KeyValueRepository
2024-08-18T22:00:57.652+02:00  INFO 28692 --- [Session-Authentication] [           main] .RepositoryConfigurationExtensionSupport : Spring Data Redis - Could not safely identify store assignment for repository candidate interface com.norbertkoziana.Session.Authentication.user.UserRepository; If you want this repository to be a Redis repository, consider annotating your entities with one of these annotations: org.springframework.data.redis.core.RedisHash (preferred), or consider extending one of the following types with your repository: org.springframework.data.keyvalue.repository.KeyValueRepository
2024-08-18T22:00:57.652+02:00  INFO 28692 --- [Session-Authentication] [           main] .s.d.r.c.RepositoryConfigurationDelegate : Finished Spring Data repository scanning in 6 ms. Found 0 Redis repository interfaces.
2024-08-18T22:00:57.743+02:00  INFO 28692 --- [Session-Authentication] [           main] o.hibernate.jpa.internal.util.LogHelper  : HHH000204: Processing PersistenceUnitInfo [name: default]
2024-08-18T22:00:57.748+02:00  INFO 28692 --- [Session-Authentication] [           main] o.h.c.internal.RegionFactoryInitiator    : HHH000026: Second-level cache disabled
2024-08-18T22:00:57.761+02:00  INFO 28692 --- [Session-Authentication] [           main] o.s.o.j.p.SpringPersistenceUnitInfo      : No LoadTimeWeaver setup: ignoring JPA class transformer
2024-08-18T22:00:57.762+02:00  INFO 28692 --- [Session-Authentication] [           main] com.zaxxer.hikari.HikariDataSource       : HikariPool-5 - Starting...
2024-08-18T22:00:57.764+02:00  INFO 28692 --- [Session-Authentication] [           main] com.zaxxer.hikari.pool.HikariPool        : HikariPool-5 - Added connection conn40: url=jdbc:h2:mem:testdb user=SA
2024-08-18T22:00:57.764+02:00  INFO 28692 --- [Session-Authentication] [           main] com.zaxxer.hikari.HikariDataSource       : HikariPool-5 - Start completed.
2024-08-18T22:00:57.846+02:00  INFO 28692 --- [Session-Authentication] [           main] o.h.e.t.j.p.i.JtaPlatformInitiator       : HHH000489: No JTA platform available (set 'hibernate.transaction.jta.platform' to enable JTA platform integration)
Hibernate: drop table if exists confirmation_token cascade 
Hibernate: drop table if exists users cascade 
Hibernate: create table confirmation_token (confirmed boolean, id integer generated by default as identity, user_id integer, expires_at timestamp(6), token varchar(255), primary key (id))
Hibernate: create table users (enabled boolean, id integer generated by default as identity, locked boolean, email varchar(255), first_name varchar(255), last_name varchar(255), password varchar(255), role enum ('Admin','User'), primary key (id))
Hibernate: alter table if exists confirmation_token add constraint FKah4p1rycwibwm6s9bsyeckq51 foreign key (user_id) references users
2024-08-18T22:00:57.853+02:00  INFO 28692 --- [Session-Authentication] [           main] j.LocalContainerEntityManagerFactoryBean : Initialized JPA EntityManagerFactory for persistence unit 'default'
2024-08-18T22:00:57.965+02:00  WARN 28692 --- [Session-Authentication] [           main] JpaBaseConfiguration$JpaWebConfiguration : spring.jpa.open-in-view is enabled by default. Therefore, database queries may be performed during view rendering. Explicitly configure spring.jpa.open-in-view to disable this warning
2024-08-18T22:00:57.973+02:00  INFO 28692 --- [Session-Authentication] [           main] r$InitializeUserDetailsManagerConfigurer : Global AuthenticationManager configured with UserDetailsService bean with name userDetailsService
2024-08-18T22:00:58.149+02:00  INFO 28692 --- [Session-Authentication] [           main] o.s.b.t.m.w.SpringBootMockServletContext : Initializing Spring TestDispatcherServlet ''
2024-08-18T22:00:58.149+02:00  INFO 28692 --- [Session-Authentication] [           main] o.s.t.web.servlet.TestDispatcherServlet  : Initializing Servlet ''
2024-08-18T22:00:58.150+02:00  INFO 28692 --- [Session-Authentication] [           main] o.s.t.web.servlet.TestDispatcherServlet  : Completed initialization in 1 ms
2024-08-18T22:00:58.160+02:00  INFO 28692 --- [Session-Authentication] [           main] .n.S.A.a.CompleteLocalAuthenticationTest : Started CompleteLocalAuthenticationTest in 0.873 seconds (process running for 20.291)
2024-08-18T22:00:58.165+02:00  INFO 28692 --- [Session-Authentication] [           main] o.s.b.t.m.w.SpringBootMockServletContext : Initializing Spring TestDispatcherServlet ''
2024-08-18T22:00:58.165+02:00  INFO 28692 --- [Session-Authentication] [           main] o.s.t.web.servlet.TestDispatcherServlet  : Initializing Servlet ''
2024-08-18T22:00:58.166+02:00  INFO 28692 --- [Session-Authentication] [           main] o.s.t.web.servlet.TestDispatcherServlet  : Completed initialization in 1 ms
Hibernate: select u1_0.id,u1_0.email,u1_0.enabled,u1_0.first_name,u1_0.last_name,u1_0.locked,u1_0.password,u1_0.role from users u1_0 where u1_0.email=?
Hibernate: insert into users (email,enabled,first_name,last_name,locked,password,role,id) values (?,?,?,?,?,?,?,default)
Hibernate: insert into confirmation_token (confirmed,expires_at,token,user_id,id) values (?,?,?,?,default)
Hibernate: select c1_0.id,c1_0.confirmed,c1_0.expires_at,c1_0.token,c1_0.user_id from confirmation_token c1_0 where c1_0.token=?
Hibernate: select u1_0.id,u1_0.email,u1_0.enabled,u1_0.first_name,u1_0.last_name,u1_0.locked,u1_0.password,u1_0.role from users u1_0 where u1_0.id=?
Hibernate: update users set email=?,enabled=?,first_name=?,last_name=?,locked=?,password=?,role=? where id=?
Hibernate: update confirmation_token set confirmed=?,expires_at=?,token=?,user_id=? where id=?
Hibernate: select u1_0.id,u1_0.email,u1_0.enabled,u1_0.first_name,u1_0.last_name,u1_0.locked,u1_0.password,u1_0.role from users u1_0 where u1_0.email=?
]]></system-out>
  </testcase>
</testsuite>