<?xml version="1.0" encoding="UTF-8"?>
<testsuite xmlns:xsi="http://www.w3.org/2001/XMLSchema-instance" xsi:noNamespaceSchemaLocation="https://maven.apache.org/surefire/maven-surefire-plugin/xsd/surefire-test-report-3.0.xsd" version="3.0" name="com.norbertkoziana.Session.Authentication.confirmation.ConfirmationRepositoryIntegrationTest" time="0.61" tests="1" errors="0" skipped="0" failures="0">
  <properties>
[...]
</properties>
  <testcase name="ShouldFindFirstConfirmationByUserAndConfirmedFalseOrderByExpiresAtDesc" classname="com.norbertkoziana.Session.Authentication.confirmation.ConfirmationRepositoryIntegrationTest" time="0.104">
    <system-out><![CDATA[2024-08-18T22:43:06.549+02:00  INFO 8580 --- [Session-Authentication] [           main] t.c.s.AnnotationConfigContextLoaderUtils : Could not detect default configuration classes for test class [com.norbertkoziana.Session.Authentication.confirmation.ConfirmationRepositoryIntegrationTest]: ConfirmationRepositoryIntegrationTest does not declare any static, non-private, non-final, nested classes annotated with @Configuration.
2024-08-18T22:43:06.602+02:00  INFO 8580 --- [Session-Authentication] [           main] .b.t.c.SpringBootTestContextBootstrapper : Found @SpringBootConfiguration com.norbertkoziana.Session.Authentication.SessionAuthenticationApplication for test class com.norbertkoziana.Session.Authentication.confirmation.ConfirmationRepositoryIntegrationTest

  .   ____          _            __ _ _
 /\\ / ___'_ __ _ _(_)_ __  __ _ \ \ \ \
( ( )\___ | '_ | '_| | '_ \/ _` | \ \ \ \
 \\/  ___)| |_)| | | | | || (_| |  ) ) ) )
  '  |____| .__|_| |_|_| |_\__, | / / / /
 =========|_|==============|___/=/_/_/_/

 :: Spring Boot ::                (v3.3.2)

2024-08-18T22:43:06.642+02:00  INFO 8580 --- [Session-Authentication] [           main] .c.ConfirmationRepositoryIntegrationTest : Starting ConfirmationRepositoryIntegrationTest using Java 21.0.2 with PID 8580 (started by kozia in C:\Users\kozia\Desktop\SpringBoot\8_session_auth\Session Authentication\Session-Authentication)
2024-08-18T22:43:06.643+02:00  INFO 8580 --- [Session-Authentication] [           main] .c.ConfirmationRepositoryIntegrationTest : No active profile set, falling back to 1 default profile: "default"
2024-08-18T22:43:06.767+02:00  INFO 8580 --- [Session-Authentication] [           main] .s.d.r.c.RepositoryConfigurationDelegate : Multiple Spring Data modules found, entering strict repository configuration mode
2024-08-18T22:43:06.767+02:00  INFO 8580 --- [Session-Authentication] [           main] .s.d.r.c.RepositoryConfigurationDelegate : Bootstrapping Spring Data JPA repositories in DEFAULT mode.
2024-08-18T22:43:06.793+02:00  INFO 8580 --- [Session-Authentication] [           main] .s.d.r.c.RepositoryConfigurationDelegate : Finished Spring Data repository scanning in 24 ms. Found 2 JPA repository interfaces.
2024-08-18T22:43:06.806+02:00  INFO 8580 --- [Session-Authentication] [           main] beddedDataSourceBeanFactoryPostProcessor : Replacing 'dataSource' DataSource bean with embedded version
2024-08-18T22:43:06.856+02:00  INFO 8580 --- [Session-Authentication] [           main] o.s.j.d.e.EmbeddedDatabaseFactory        : Starting embedded database: url='jdbc:h2:mem:fbb824b4-25e1-493c-beca-ad9b8da10074;DB_CLOSE_DELAY=-1;DB_CLOSE_ON_EXIT=false', username='sa'
2024-08-18T22:43:06.885+02:00  INFO 8580 --- [Session-Authentication] [           main] o.hibernate.jpa.internal.util.LogHelper  : HHH000204: Processing PersistenceUnitInfo [name: default]
2024-08-18T22:43:06.888+02:00  INFO 8580 --- [Session-Authentication] [           main] o.h.c.internal.RegionFactoryInitiator    : HHH000026: Second-level cache disabled
2024-08-18T22:43:06.904+02:00  INFO 8580 --- [Session-Authentication] [           main] o.s.o.j.p.SpringPersistenceUnitInfo      : No LoadTimeWeaver setup: ignoring JPA class transformer
2024-08-18T22:43:06.984+02:00  INFO 8580 --- [Session-Authentication] [           main] o.h.e.t.j.p.i.JtaPlatformInitiator       : HHH000489: No JTA platform available (set 'hibernate.transaction.jta.platform' to enable JTA platform integration)
Hibernate: drop table if exists confirmation_token cascade 
Hibernate: drop table if exists users cascade 
Hibernate: create table confirmation_token (confirmed boolean, id integer generated by default as identity, user_id integer, expires_at timestamp(6), token varchar(255), primary key (id))
Hibernate: create table users (enabled boolean, id integer generated by default as identity, locked boolean, email varchar(255), first_name varchar(255), last_name varchar(255), password varchar(255), role enum ('Admin','User'), primary key (id))
Hibernate: alter table if exists confirmation_token add constraint FKah4p1rycwibwm6s9bsyeckq51 foreign key (user_id) references users
2024-08-18T22:43:06.994+02:00  INFO 8580 --- [Session-Authentication] [           main] j.LocalContainerEntityManagerFactoryBean : Initialized JPA EntityManagerFactory for persistence unit 'default'
2024-08-18T22:43:07.042+02:00  INFO 8580 --- [Session-Authentication] [           main] .c.ConfirmationRepositoryIntegrationTest : Started ConfirmationRepositoryIntegrationTest in 0.429 seconds (process running for 21.406)
Hibernate: select u1_0.id,u1_0.email,u1_0.enabled,u1_0.first_name,u1_0.last_name,u1_0.locked,u1_0.password,u1_0.role from users u1_0 where u1_0.id=?
Hibernate: insert into users (email,enabled,first_name,last_name,locked,password,role,id) values (?,?,?,?,?,?,?,default)
Hibernate: select u1_0.id,u1_0.email,u1_0.enabled,u1_0.first_name,u1_0.last_name,u1_0.locked,u1_0.password,u1_0.role from users u1_0 where u1_0.id=?
Hibernate: insert into users (email,enabled,first_name,last_name,locked,password,role,id) values (?,?,?,?,?,?,?,default)
Hibernate: select c1_0.id,c1_0.confirmed,c1_0.expires_at,c1_0.token,u1_0.id,u1_0.email,u1_0.enabled,u1_0.first_name,u1_0.last_name,u1_0.locked,u1_0.password,u1_0.role from confirmation_token c1_0 left join users u1_0 on u1_0.id=c1_0.user_id where c1_0.id=?
Hibernate: insert into confirmation_token (confirmed,expires_at,token,user_id,id) values (?,?,?,?,default)
Hibernate: select c1_0.id,c1_0.confirmed,c1_0.expires_at,c1_0.token,u1_0.id,u1_0.email,u1_0.enabled,u1_0.first_name,u1_0.last_name,u1_0.locked,u1_0.password,u1_0.role from confirmation_token c1_0 left join users u1_0 on u1_0.id=c1_0.user_id where c1_0.id=?
Hibernate: insert into confirmation_token (confirmed,expires_at,token,user_id,id) values (?,?,?,?,default)
Hibernate: select c1_0.id,c1_0.confirmed,c1_0.expires_at,c1_0.token,u1_0.id,u1_0.email,u1_0.enabled,u1_0.first_name,u1_0.last_name,u1_0.locked,u1_0.password,u1_0.role from confirmation_token c1_0 left join users u1_0 on u1_0.id=c1_0.user_id where c1_0.id=?
Hibernate: insert into confirmation_token (confirmed,expires_at,token,user_id,id) values (?,?,?,?,default)
Hibernate: select c1_0.id,c1_0.confirmed,c1_0.expires_at,c1_0.token,u1_0.id,u1_0.email,u1_0.enabled,u1_0.first_name,u1_0.last_name,u1_0.locked,u1_0.password,u1_0.role from confirmation_token c1_0 left join users u1_0 on u1_0.id=c1_0.user_id where c1_0.id=?
Hibernate: insert into confirmation_token (confirmed,expires_at,token,user_id,id) values (?,?,?,?,default)
Hibernate: select c1_0.id,c1_0.confirmed,c1_0.expires_at,c1_0.token,u1_0.id,u1_0.email,u1_0.enabled,u1_0.first_name,u1_0.last_name,u1_0.locked,u1_0.password,u1_0.role from confirmation_token c1_0 left join users u1_0 on u1_0.id=c1_0.user_id where c1_0.id=?
Hibernate: insert into confirmation_token (confirmed,expires_at,token,user_id,id) values (?,?,?,?,default)
Hibernate: select c1_0.id,c1_0.confirmed,c1_0.expires_at,c1_0.token,c1_0.user_id from confirmation_token c1_0 where c1_0.user_id=? and not(c1_0.confirmed) order by c1_0.expires_at desc fetch first ? rows only
]]></system-out>
  </testcase>
</testsuite>