<?xml version="1.0" encoding="UTF-8"?>
<testsuite xmlns:xsi="http://www.w3.org/2001/XMLSchema-instance" xsi:noNamespaceSchemaLocation="https://maven.apache.org/surefire/maven-surefire-plugin/xsd/surefire-test-report-3.0.xsd" version="3.0" name="com.norbertkoziana.Session.Authentication.auth.CompleteLocalAuthenticationTest" time="6.126" tests="3" errors="0" skipped="0" failures="0">
  <properties>
[...]
</properties>
  <testcase name="ShouldNotLogInIntoAccountThatDidNotConfirmEmailAddressTest" classname="com.norbertkoziana.Session.Authentication.auth.CompleteLocalAuthenticationTest" time="2.032">
    <system-out><![CDATA[2024-08-19T10:43:36.373+02:00  INFO 20556 --- [Session-Authentication] [           main] t.c.s.AnnotationConfigContextLoaderUtils : Could not detect default configuration classes for test class [com.norbertkoziana.Session.Authentication.auth.CompleteLocalAuthenticationTest]: CompleteLocalAuthenticationTest does not declare any static, non-private, non-final, nested classes annotated with @Configuration.
2024-08-19T10:43:36.395+02:00  INFO 20556 --- [Session-Authentication] [           main] .b.t.c.SpringBootTestContextBootstrapper : Found @SpringBootConfiguration com.norbertkoziana.Session.Authentication.SessionAuthenticationApplication for test class com.norbertkoziana.Session.Authentication.auth.CompleteLocalAuthenticationTest

  .   ____          _            __ _ _
 /\\ / ___'_ __ _ _(_)_ __  __ _ \ \ \ \
( ( )\___ | '_ | '_| | '_ \/ _` | \ \ \ \
 \\/  ___)| |_)| | | | | || (_| |  ) ) ) )
  '  |____| .__|_| |_|_| |_\__, | / / / /
 =========|_|==============|___/=/_/_/_/

 :: Spring Boot ::                (v3.3.2)

2024-08-19T10:43:36.488+02:00  INFO 20556 --- [Session-Authentication] [           main] .n.S.A.a.CompleteLocalAuthenticationTest : Starting CompleteLocalAuthenticationTest using Java 21.0.2 with PID 20556 (started by kozia in C:\Users\kozia\Desktop\SpringBoot\8_session_auth\Session Authentication\Session-Authentication)
2024-08-19T10:43:36.488+02:00  INFO 20556 --- [Session-Authentication] [           main] .n.S.A.a.CompleteLocalAuthenticationTest : No active profile set, falling back to 1 default profile: "default"
2024-08-19T10:43:37.094+02:00  INFO 20556 --- [Session-Authentication] [           main] .s.d.r.c.RepositoryConfigurationDelegate : Multiple Spring Data modules found, entering strict repository configuration mode
2024-08-19T10:43:37.095+02:00  INFO 20556 --- [Session-Authentication] [           main] .s.d.r.c.RepositoryConfigurationDelegate : Bootstrapping Spring Data JPA repositories in DEFAULT mode.
2024-08-19T10:43:37.136+02:00  INFO 20556 --- [Session-Authentication] [           main] .s.d.r.c.RepositoryConfigurationDelegate : Finished Spring Data repository scanning in 40 ms. Found 2 JPA repository interfaces.
2024-08-19T10:43:37.144+02:00  INFO 20556 --- [Session-Authentication] [           main] .s.d.r.c.RepositoryConfigurationDelegate : Multiple Spring Data modules found, entering strict repository configuration mode
2024-08-19T10:43:37.144+02:00  INFO 20556 --- [Session-Authentication] [           main] .s.d.r.c.RepositoryConfigurationDelegate : Bootstrapping Spring Data Redis repositories in DEFAULT mode.
2024-08-19T10:43:37.153+02:00  INFO 20556 --- [Session-Authentication] [           main] .RepositoryConfigurationExtensionSupport : Spring Data Redis - Could not safely identify store assignment for repository candidate interface com.norbertkoziana.Session.Authentication.confirmation.ConfirmationRepository; If you want this repository to be a Redis repository, consider annotating your entities with one of these annotations: org.springframework.data.redis.core.RedisHash (preferred), or consider extending one of the following types with your repository: org.springframework.data.keyvalue.repository.KeyValueRepository
2024-08-19T10:43:37.155+02:00  INFO 20556 --- [Session-Authentication] [           main] .RepositoryConfigurationExtensionSupport : Spring Data Redis - Could not safely identify store assignment for repository candidate interface com.norbertkoziana.Session.Authentication.user.UserRepository; If you want this repository to be a Redis repository, consider annotating your entities with one of these annotations: org.springframework.data.redis.core.RedisHash (preferred), or consider extending one of the following types with your repository: org.springframework.data.keyvalue.repository.KeyValueRepository
2024-08-19T10:43:37.156+02:00  INFO 20556 --- [Session-Authentication] [           main] .s.d.r.c.RepositoryConfigurationDelegate : Finished Spring Data repository scanning in 10 ms. Found 0 Redis repository interfaces.
2024-08-19T10:43:37.464+02:00  INFO 20556 --- [Session-Authentication] [           main] o.hibernate.jpa.internal.util.LogHelper  : HHH000204: Processing PersistenceUnitInfo [name: default]
2024-08-19T10:43:37.469+02:00  INFO 20556 --- [Session-Authentication] [           main] o.h.c.internal.RegionFactoryInitiator    : HHH000026: Second-level cache disabled
2024-08-19T10:43:37.485+02:00  INFO 20556 --- [Session-Authentication] [           main] o.s.o.j.p.SpringPersistenceUnitInfo      : No LoadTimeWeaver setup: ignoring JPA class transformer
2024-08-19T10:43:37.487+02:00  INFO 20556 --- [Session-Authentication] [           main] com.zaxxer.hikari.HikariDataSource       : HikariPool-2 - Starting...
2024-08-19T10:43:37.488+02:00  INFO 20556 --- [Session-Authentication] [           main] com.zaxxer.hikari.pool.HikariPool        : HikariPool-2 - Added connection conn10: url=jdbc:h2:mem:testdb user=SA
2024-08-19T10:43:37.489+02:00  INFO 20556 --- [Session-Authentication] [           main] com.zaxxer.hikari.HikariDataSource       : HikariPool-2 - Start completed.
2024-08-19T10:43:37.574+02:00  INFO 20556 --- [Session-Authentication] [           main] o.h.e.t.j.p.i.JtaPlatformInitiator       : HHH000489: No JTA platform available (set 'hibernate.transaction.jta.platform' to enable JTA platform integration)
Hibernate: drop table if exists confirmation_token cascade 
Hibernate: drop table if exists users cascade 
Hibernate: create table confirmation_token (confirmed boolean, id integer generated by default as identity, user_id integer, expires_at timestamp(6), token varchar(255), primary key (id))
Hibernate: create table users (enabled boolean, id integer generated by default as identity, locked boolean, email varchar(255), first_name varchar(255), last_name varchar(255), password varchar(255), role enum ('Admin','User'), primary key (id))
Hibernate: alter table if exists confirmation_token add constraint FKah4p1rycwibwm6s9bsyeckq51 foreign key (user_id) references users
2024-08-19T10:43:37.585+02:00  INFO 20556 --- [Session-Authentication] [           main] j.LocalContainerEntityManagerFactoryBean : Initialized JPA EntityManagerFactory for persistence unit 'default'
2024-08-19T10:43:37.762+02:00  WARN 20556 --- [Session-Authentication] [           main] JpaBaseConfiguration$JpaWebConfiguration : spring.jpa.open-in-view is enabled by default. Therefore, database queries may be performed during view rendering. Explicitly configure spring.jpa.open-in-view to disable this warning
2024-08-19T10:43:37.775+02:00  INFO 20556 --- [Session-Authentication] [           main] r$InitializeUserDetailsManagerConfigurer : Global AuthenticationManager configured with UserDetailsService bean with name userDetailsService
2024-08-19T10:43:38.156+02:00  INFO 20556 --- [Session-Authentication] [           main] o.s.b.t.m.w.SpringBootMockServletContext : Initializing Spring TestDispatcherServlet ''
2024-08-19T10:43:38.157+02:00  INFO 20556 --- [Session-Authentication] [           main] o.s.t.web.servlet.TestDispatcherServlet  : Initializing Servlet ''
2024-08-19T10:43:38.158+02:00  INFO 20556 --- [Session-Authentication] [           main] o.s.t.web.servlet.TestDispatcherServlet  : Completed initialization in 1 ms
2024-08-19T10:43:38.174+02:00  INFO 20556 --- [Session-Authentication] [           main] .n.S.A.a.CompleteLocalAuthenticationTest : Started CompleteLocalAuthenticationTest in 1.752 seconds (process running for 14.002)
2024-08-19T10:43:38.339+02:00  INFO 20556 --- [Session-Authentication] [           main] j.LocalContainerEntityManagerFactoryBean : Closing JPA EntityManagerFactory for persistence unit 'default'
Hibernate: drop table if exists confirmation_token cascade 
Hibernate: drop table if exists users cascade 
2024-08-19T10:43:38.344+02:00  INFO 20556 --- [Session-Authentication] [           main] com.zaxxer.hikari.HikariDataSource       : HikariPool-2 - Shutdown initiated...
2024-08-19T10:43:38.348+02:00  INFO 20556 --- [Session-Authentication] [           main] com.zaxxer.hikari.HikariDataSource       : HikariPool-2 - Shutdown completed.

  .   ____          _            __ _ _
 /\\ / ___'_ __ _ _(_)_ __  __ _ \ \ \ \
( ( )\___ | '_ | '_| | '_ \/ _` | \ \ \ \
 \\/  ___)| |_)| | | | | || (_| |  ) ) ) )
  '  |____| .__|_| |_|_| |_\__, | / / / /
 =========|_|==============|___/=/_/_/_/

 :: Spring Boot ::                (v3.3.2)

2024-08-19T10:43:38.388+02:00  INFO 20556 --- [Session-Authentication] [           main] .n.S.A.a.CompleteLocalAuthenticationTest : Starting CompleteLocalAuthenticationTest using Java 21.0.2 with PID 20556 (started by kozia in C:\Users\kozia\Desktop\SpringBoot\8_session_auth\Session Authentication\Session-Authentication)
2024-08-19T10:43:38.389+02:00  INFO 20556 --- [Session-Authentication] [           main] .n.S.A.a.CompleteLocalAuthenticationTest : No active profile set, falling back to 1 default profile: "default"
2024-08-19T10:43:38.715+02:00  INFO 20556 --- [Session-Authentication] [           main] .s.d.r.c.RepositoryConfigurationDelegate : Multiple Spring Data modules found, entering strict repository configuration mode
2024-08-19T10:43:38.715+02:00  INFO 20556 --- [Session-Authentication] [           main] .s.d.r.c.RepositoryConfigurationDelegate : Bootstrapping Spring Data JPA repositories in DEFAULT mode.
2024-08-19T10:43:38.740+02:00  INFO 20556 --- [Session-Authentication] [           main] .s.d.r.c.RepositoryConfigurationDelegate : Finished Spring Data repository scanning in 24 ms. Found 2 JPA repository interfaces.
2024-08-19T10:43:38.755+02:00  INFO 20556 --- [Session-Authentication] [           main] .s.d.r.c.RepositoryConfigurationDelegate : Multiple Spring Data modules found, entering strict repository configuration mode
2024-08-19T10:43:38.755+02:00  INFO 20556 --- [Session-Authentication] [           main] .s.d.r.c.RepositoryConfigurationDelegate : Bootstrapping Spring Data Redis repositories in DEFAULT mode.
2024-08-19T10:43:38.761+02:00  INFO 20556 --- [Session-Authentication] [           main] .RepositoryConfigurationExtensionSupport : Spring Data Redis - Could not safely identify store assignment for repository candidate interface com.norbertkoziana.Session.Authentication.confirmation.ConfirmationRepository; If you want this repository to be a Redis repository, consider annotating your entities with one of these annotations: org.springframework.data.redis.core.RedisHash (preferred), or consider extending one of the following types with your repository: org.springframework.data.keyvalue.repository.KeyValueRepository
2024-08-19T10:43:38.762+02:00  INFO 20556 --- [Session-Authentication] [           main] .RepositoryConfigurationExtensionSupport : Spring Data Redis - Could not safely identify store assignment for repository candidate interface com.norbertkoziana.Session.Authentication.user.UserRepository; If you want this repository to be a Redis repository, consider annotating your entities with one of these annotations: org.springframework.data.redis.core.RedisHash (preferred), or consider extending one of the following types with your repository: org.springframework.data.keyvalue.repository.KeyValueRepository
2024-08-19T10:43:38.762+02:00  INFO 20556 --- [Session-Authentication] [           main] .s.d.r.c.RepositoryConfigurationDelegate : Finished Spring Data repository scanning in 6 ms. Found 0 Redis repository interfaces.
2024-08-19T10:43:38.905+02:00  INFO 20556 --- [Session-Authentication] [           main] o.hibernate.jpa.internal.util.LogHelper  : HHH000204: Processing PersistenceUnitInfo [name: default]
2024-08-19T10:43:38.909+02:00  INFO 20556 --- [Session-Authentication] [           main] o.h.c.internal.RegionFactoryInitiator    : HHH000026: Second-level cache disabled
2024-08-19T10:43:38.924+02:00  INFO 20556 --- [Session-Authentication] [           main] o.s.o.j.p.SpringPersistenceUnitInfo      : No LoadTimeWeaver setup: ignoring JPA class transformer
2024-08-19T10:43:38.926+02:00  INFO 20556 --- [Session-Authentication] [           main] com.zaxxer.hikari.HikariDataSource       : HikariPool-3 - Starting...
2024-08-19T10:43:38.928+02:00  INFO 20556 --- [Session-Authentication] [           main] com.zaxxer.hikari.pool.HikariPool        : HikariPool-3 - Added connection conn20: url=jdbc:h2:mem:testdb user=SA
2024-08-19T10:43:38.928+02:00  INFO 20556 --- [Session-Authentication] [           main] com.zaxxer.hikari.HikariDataSource       : HikariPool-3 - Start completed.
2024-08-19T10:43:39.014+02:00  INFO 20556 --- [Session-Authentication] [           main] o.h.e.t.j.p.i.JtaPlatformInitiator       : HHH000489: No JTA platform available (set 'hibernate.transaction.jta.platform' to enable JTA platform integration)
Hibernate: drop table if exists confirmation_token cascade 
Hibernate: drop table if exists users cascade 
Hibernate: create table confirmation_token (confirmed boolean, id integer generated by default as identity, user_id integer, expires_at timestamp(6), token varchar(255), primary key (id))
Hibernate: create table users (enabled boolean, id integer generated by default as identity, locked boolean, email varchar(255), first_name varchar(255), last_name varchar(255), password varchar(255), role enum ('Admin','User'), primary key (id))
Hibernate: alter table if exists confirmation_token add constraint FKah4p1rycwibwm6s9bsyeckq51 foreign key (user_id) references users
2024-08-19T10:43:39.023+02:00  INFO 20556 --- [Session-Authentication] [           main] j.LocalContainerEntityManagerFactoryBean : Initialized JPA EntityManagerFactory for persistence unit 'default'
2024-08-19T10:43:39.147+02:00  WARN 20556 --- [Session-Authentication] [           main] JpaBaseConfiguration$JpaWebConfiguration : spring.jpa.open-in-view is enabled by default. Therefore, database queries may be performed during view rendering. Explicitly configure spring.jpa.open-in-view to disable this warning
2024-08-19T10:43:39.157+02:00  INFO 20556 --- [Session-Authentication] [           main] r$InitializeUserDetailsManagerConfigurer : Global AuthenticationManager configured with UserDetailsService bean with name userDetailsService
2024-08-19T10:43:39.488+02:00  INFO 20556 --- [Session-Authentication] [           main] o.s.b.t.m.w.SpringBootMockServletContext : Initializing Spring TestDispatcherServlet ''
2024-08-19T10:43:39.488+02:00  INFO 20556 --- [Session-Authentication] [           main] o.s.t.web.servlet.TestDispatcherServlet  : Initializing Servlet ''
2024-08-19T10:43:39.490+02:00  INFO 20556 --- [Session-Authentication] [           main] o.s.t.web.servlet.TestDispatcherServlet  : Completed initialization in 2 ms
2024-08-19T10:43:39.500+02:00  INFO 20556 --- [Session-Authentication] [           main] .n.S.A.a.CompleteLocalAuthenticationTest : Started CompleteLocalAuthenticationTest in 1.145 seconds (process running for 15.33)
2024-08-19T10:43:39.513+02:00  INFO 20556 --- [Session-Authentication] [           main] o.s.b.t.m.w.SpringBootMockServletContext : Initializing Spring TestDispatcherServlet ''
2024-08-19T10:43:39.513+02:00  INFO 20556 --- [Session-Authentication] [           main] o.s.t.web.servlet.TestDispatcherServlet  : Initializing Servlet ''
2024-08-19T10:43:39.515+02:00  INFO 20556 --- [Session-Authentication] [           main] o.s.t.web.servlet.TestDispatcherServlet  : Completed initialization in 2 ms
Hibernate: select u1_0.id,u1_0.email,u1_0.enabled,u1_0.first_name,u1_0.last_name,u1_0.locked,u1_0.password,u1_0.role from users u1_0 where u1_0.email=?
Hibernate: insert into users (email,enabled,first_name,last_name,locked,password,role,id) values (?,?,?,?,?,?,?,default)
Hibernate: insert into confirmation_token (confirmed,expires_at,token,user_id,id) values (?,?,?,?,default)
Hibernate: select u1_0.id,u1_0.email,u1_0.enabled,u1_0.first_name,u1_0.last_name,u1_0.locked,u1_0.password,u1_0.role from users u1_0 where u1_0.email=?
]]></system-out>
  </testcase>
  <testcase name="ShouldNotLogInIntoAccountThatDoesNotExist" classname="com.norbertkoziana.Session.Authentication.auth.CompleteLocalAuthenticationTest" time="1.16">
    <system-out><![CDATA[2024-08-19T10:43:40.331+02:00  INFO 20556 --- [Session-Authentication] [           main] j.LocalContainerEntityManagerFactoryBean : Closing JPA EntityManagerFactory for persistence unit 'default'
Hibernate: drop table if exists confirmation_token cascade 
Hibernate: drop table if exists users cascade 
2024-08-19T10:43:40.334+02:00  INFO 20556 --- [Session-Authentication] [           main] com.zaxxer.hikari.HikariDataSource       : HikariPool-3 - Shutdown initiated...
2024-08-19T10:43:40.335+02:00  INFO 20556 --- [Session-Authentication] [           main] com.zaxxer.hikari.HikariDataSource       : HikariPool-3 - Shutdown completed.

  .   ____          _            __ _ _
 /\\ / ___'_ __ _ _(_)_ __  __ _ \ \ \ \
( ( )\___ | '_ | '_| | '_ \/ _` | \ \ \ \
 \\/  ___)| |_)| | | | | || (_| |  ) ) ) )
  '  |____| .__|_| |_|_| |_\__, | / / / /
 =========|_|==============|___/=/_/_/_/

 :: Spring Boot ::                (v3.3.2)

2024-08-19T10:43:40.372+02:00  INFO 20556 --- [Session-Authentication] [           main] .n.S.A.a.CompleteLocalAuthenticationTest : Starting CompleteLocalAuthenticationTest using Java 21.0.2 with PID 20556 (started by kozia in C:\Users\kozia\Desktop\SpringBoot\8_session_auth\Session Authentication\Session-Authentication)
2024-08-19T10:43:40.372+02:00  INFO 20556 --- [Session-Authentication] [           main] .n.S.A.a.CompleteLocalAuthenticationTest : No active profile set, falling back to 1 default profile: "default"
2024-08-19T10:43:40.672+02:00  INFO 20556 --- [Session-Authentication] [           main] .s.d.r.c.RepositoryConfigurationDelegate : Multiple Spring Data modules found, entering strict repository configuration mode
2024-08-19T10:43:40.672+02:00  INFO 20556 --- [Session-Authentication] [           main] .s.d.r.c.RepositoryConfigurationDelegate : Bootstrapping Spring Data JPA repositories in DEFAULT mode.
2024-08-19T10:43:40.695+02:00  INFO 20556 --- [Session-Authentication] [           main] .s.d.r.c.RepositoryConfigurationDelegate : Finished Spring Data repository scanning in 23 ms. Found 2 JPA repository interfaces.
2024-08-19T10:43:40.699+02:00  INFO 20556 --- [Session-Authentication] [           main] .s.d.r.c.RepositoryConfigurationDelegate : Multiple Spring Data modules found, entering strict repository configuration mode
2024-08-19T10:43:40.699+02:00  INFO 20556 --- [Session-Authentication] [           main] .s.d.r.c.RepositoryConfigurationDelegate : Bootstrapping Spring Data Redis repositories in DEFAULT mode.
2024-08-19T10:43:40.704+02:00  INFO 20556 --- [Session-Authentication] [           main] .RepositoryConfigurationExtensionSupport : Spring Data Redis - Could not safely identify store assignment for repository candidate interface com.norbertkoziana.Session.Authentication.confirmation.ConfirmationRepository; If you want this repository to be a Redis repository, consider annotating your entities with one of these annotations: org.springframework.data.redis.core.RedisHash (preferred), or consider extending one of the following types with your repository: org.springframework.data.keyvalue.repository.KeyValueRepository
2024-08-19T10:43:40.705+02:00  INFO 20556 --- [Session-Authentication] [           main] .RepositoryConfigurationExtensionSupport : Spring Data Redis - Could not safely identify store assignment for repository candidate interface com.norbertkoziana.Session.Authentication.user.UserRepository; If you want this repository to be a Redis repository, consider annotating your entities with one of these annotations: org.springframework.data.redis.core.RedisHash (preferred), or consider extending one of the following types with your repository: org.springframework.data.keyvalue.repository.KeyValueRepository
2024-08-19T10:43:40.705+02:00  INFO 20556 --- [Session-Authentication] [           main] .s.d.r.c.RepositoryConfigurationDelegate : Finished Spring Data repository scanning in 5 ms. Found 0 Redis repository interfaces.
2024-08-19T10:43:40.861+02:00  INFO 20556 --- [Session-Authentication] [           main] o.hibernate.jpa.internal.util.LogHelper  : HHH000204: Processing PersistenceUnitInfo [name: default]
2024-08-19T10:43:40.866+02:00  INFO 20556 --- [Session-Authentication] [           main] o.h.c.internal.RegionFactoryInitiator    : HHH000026: Second-level cache disabled
2024-08-19T10:43:40.876+02:00  INFO 20556 --- [Session-Authentication] [           main] o.s.o.j.p.SpringPersistenceUnitInfo      : No LoadTimeWeaver setup: ignoring JPA class transformer
2024-08-19T10:43:40.877+02:00  INFO 20556 --- [Session-Authentication] [           main] com.zaxxer.hikari.HikariDataSource       : HikariPool-4 - Starting...
2024-08-19T10:43:40.878+02:00  INFO 20556 --- [Session-Authentication] [           main] com.zaxxer.hikari.pool.HikariPool        : HikariPool-4 - Added connection conn30: url=jdbc:h2:mem:testdb user=SA
2024-08-19T10:43:40.879+02:00  INFO 20556 --- [Session-Authentication] [           main] com.zaxxer.hikari.HikariDataSource       : HikariPool-4 - Start completed.
2024-08-19T10:43:40.948+02:00  INFO 20556 --- [Session-Authentication] [           main] o.h.e.t.j.p.i.JtaPlatformInitiator       : HHH000489: No JTA platform available (set 'hibernate.transaction.jta.platform' to enable JTA platform integration)
Hibernate: drop table if exists confirmation_token cascade 
Hibernate: drop table if exists users cascade 
Hibernate: create table confirmation_token (confirmed boolean, id integer generated by default as identity, user_id integer, expires_at timestamp(6), token varchar(255), primary key (id))
Hibernate: create table users (enabled boolean, id integer generated by default as identity, locked boolean, email varchar(255), first_name varchar(255), last_name varchar(255), password varchar(255), role enum ('Admin','User'), primary key (id))
Hibernate: alter table if exists confirmation_token add constraint FKah4p1rycwibwm6s9bsyeckq51 foreign key (user_id) references users
2024-08-19T10:43:40.953+02:00  INFO 20556 --- [Session-Authentication] [           main] j.LocalContainerEntityManagerFactoryBean : Initialized JPA EntityManagerFactory for persistence unit 'default'
2024-08-19T10:43:41.045+02:00  WARN 20556 --- [Session-Authentication] [           main] JpaBaseConfiguration$JpaWebConfiguration : spring.jpa.open-in-view is enabled by default. Therefore, database queries may be performed during view rendering. Explicitly configure spring.jpa.open-in-view to disable this warning
2024-08-19T10:43:41.051+02:00  INFO 20556 --- [Session-Authentication] [           main] r$InitializeUserDetailsManagerConfigurer : Global AuthenticationManager configured with UserDetailsService bean with name userDetailsService
2024-08-19T10:43:41.215+02:00  INFO 20556 --- [Session-Authentication] [           main] o.s.b.t.m.w.SpringBootMockServletContext : Initializing Spring TestDispatcherServlet ''
2024-08-19T10:43:41.215+02:00  INFO 20556 --- [Session-Authentication] [           main] o.s.t.web.servlet.TestDispatcherServlet  : Initializing Servlet ''
2024-08-19T10:43:41.216+02:00  INFO 20556 --- [Session-Authentication] [           main] o.s.t.web.servlet.TestDispatcherServlet  : Completed initialization in 1 ms
2024-08-19T10:43:41.224+02:00  INFO 20556 --- [Session-Authentication] [           main] .n.S.A.a.CompleteLocalAuthenticationTest : Started CompleteLocalAuthenticationTest in 0.883 seconds (process running for 17.053)
2024-08-19T10:43:41.229+02:00  INFO 20556 --- [Session-Authentication] [           main] o.s.b.t.m.w.SpringBootMockServletContext : Initializing Spring TestDispatcherServlet ''
2024-08-19T10:43:41.229+02:00  INFO 20556 --- [Session-Authentication] [           main] o.s.t.web.servlet.TestDispatcherServlet  : Initializing Servlet ''
2024-08-19T10:43:41.230+02:00  INFO 20556 --- [Session-Authentication] [           main] o.s.t.web.servlet.TestDispatcherServlet  : Completed initialization in 1 ms
Hibernate: select u1_0.id,u1_0.email,u1_0.enabled,u1_0.first_name,u1_0.last_name,u1_0.locked,u1_0.password,u1_0.role from users u1_0 where u1_0.email=?
]]></system-out>
  </testcase>
  <testcase name="ShouldLogInIntoAccountAfterCorrectRegistration" classname="com.norbertkoziana.Session.Authentication.auth.CompleteLocalAuthenticationTest" time="1.109">
    <system-out><![CDATA[2024-08-19T10:43:41.496+02:00  INFO 20556 --- [Session-Authentication] [           main] j.LocalContainerEntityManagerFactoryBean : Closing JPA EntityManagerFactory for persistence unit 'default'
Hibernate: drop table if exists confirmation_token cascade 
Hibernate: drop table if exists users cascade 
2024-08-19T10:43:41.497+02:00  INFO 20556 --- [Session-Authentication] [           main] com.zaxxer.hikari.HikariDataSource       : HikariPool-4 - Shutdown initiated...
2024-08-19T10:43:41.498+02:00  INFO 20556 --- [Session-Authentication] [           main] com.zaxxer.hikari.HikariDataSource       : HikariPool-4 - Shutdown completed.

  .   ____          _            __ _ _
 /\\ / ___'_ __ _ _(_)_ __  __ _ \ \ \ \
( ( )\___ | '_ | '_| | '_ \/ _` | \ \ \ \
 \\/  ___)| |_)| | | | | || (_| |  ) ) ) )
  '  |____| .__|_| |_|_| |_\__, | / / / /
 =========|_|==============|___/=/_/_/_/

 :: Spring Boot ::                (v3.3.2)

2024-08-19T10:43:41.523+02:00  INFO 20556 --- [Session-Authentication] [           main] .n.S.A.a.CompleteLocalAuthenticationTest : Starting CompleteLocalAuthenticationTest using Java 21.0.2 with PID 20556 (started by kozia in C:\Users\kozia\Desktop\SpringBoot\8_session_auth\Session Authentication\Session-Authentication)
2024-08-19T10:43:41.523+02:00  INFO 20556 --- [Session-Authentication] [           main] .n.S.A.a.CompleteLocalAuthenticationTest : No active profile set, falling back to 1 default profile: "default"
2024-08-19T10:43:41.723+02:00  INFO 20556 --- [Session-Authentication] [           main] .s.d.r.c.RepositoryConfigurationDelegate : Multiple Spring Data modules found, entering strict repository configuration mode
2024-08-19T10:43:41.723+02:00  INFO 20556 --- [Session-Authentication] [           main] .s.d.r.c.RepositoryConfigurationDelegate : Bootstrapping Spring Data JPA repositories in DEFAULT mode.
2024-08-19T10:43:41.741+02:00  INFO 20556 --- [Session-Authentication] [           main] .s.d.r.c.RepositoryConfigurationDelegate : Finished Spring Data repository scanning in 17 ms. Found 2 JPA repository interfaces.
2024-08-19T10:43:41.743+02:00  INFO 20556 --- [Session-Authentication] [           main] .s.d.r.c.RepositoryConfigurationDelegate : Multiple Spring Data modules found, entering strict repository configuration mode
2024-08-19T10:43:41.744+02:00  INFO 20556 --- [Session-Authentication] [           main] .s.d.r.c.RepositoryConfigurationDelegate : Bootstrapping Spring Data Redis repositories in DEFAULT mode.
2024-08-19T10:43:41.748+02:00  INFO 20556 --- [Session-Authentication] [           main] .RepositoryConfigurationExtensionSupport : Spring Data Redis - Could not safely identify store assignment for repository candidate interface com.norbertkoziana.Session.Authentication.confirmation.ConfirmationRepository; If you want this repository to be a Redis repository, consider annotating your entities with one of these annotations: org.springframework.data.redis.core.RedisHash (preferred), or consider extending one of the following types with your repository: org.springframework.data.keyvalue.repository.KeyValueRepository
2024-08-19T10:43:41.748+02:00  INFO 20556 --- [Session-Authentication] [           main] .RepositoryConfigurationExtensionSupport : Spring Data Redis - Could not safely identify store assignment for repository candidate interface com.norbertkoziana.Session.Authentication.user.UserRepository; If you want this repository to be a Redis repository, consider annotating your entities with one of these annotations: org.springframework.data.redis.core.RedisHash (preferred), or consider extending one of the following types with your repository: org.springframework.data.keyvalue.repository.KeyValueRepository
2024-08-19T10:43:41.748+02:00  INFO 20556 --- [Session-Authentication] [           main] .s.d.r.c.RepositoryConfigurationDelegate : Finished Spring Data repository scanning in 4 ms. Found 0 Redis repository interfaces.
2024-08-19T10:43:41.855+02:00  INFO 20556 --- [Session-Authentication] [           main] o.hibernate.jpa.internal.util.LogHelper  : HHH000204: Processing PersistenceUnitInfo [name: default]
2024-08-19T10:43:41.858+02:00  INFO 20556 --- [Session-Authentication] [           main] o.h.c.internal.RegionFactoryInitiator    : HHH000026: Second-level cache disabled
2024-08-19T10:43:41.869+02:00  INFO 20556 --- [Session-Authentication] [           main] o.s.o.j.p.SpringPersistenceUnitInfo      : No LoadTimeWeaver setup: ignoring JPA class transformer
2024-08-19T10:43:41.870+02:00  INFO 20556 --- [Session-Authentication] [           main] com.zaxxer.hikari.HikariDataSource       : HikariPool-5 - Starting...
2024-08-19T10:43:41.872+02:00  INFO 20556 --- [Session-Authentication] [           main] com.zaxxer.hikari.pool.HikariPool        : HikariPool-5 - Added connection conn40: url=jdbc:h2:mem:testdb user=SA
2024-08-19T10:43:41.872+02:00  INFO 20556 --- [Session-Authentication] [           main] com.zaxxer.hikari.HikariDataSource       : HikariPool-5 - Start completed.
2024-08-19T10:43:41.929+02:00  INFO 20556 --- [Session-Authentication] [           main] o.h.e.t.j.p.i.JtaPlatformInitiator       : HHH000489: No JTA platform available (set 'hibernate.transaction.jta.platform' to enable JTA platform integration)
Hibernate: drop table if exists confirmation_token cascade 
Hibernate: drop table if exists users cascade 
Hibernate: create table confirmation_token (confirmed boolean, id integer generated by default as identity, user_id integer, expires_at timestamp(6), token varchar(255), primary key (id))
Hibernate: create table users (enabled boolean, id integer generated by default as identity, locked boolean, email varchar(255), first_name varchar(255), last_name varchar(255), password varchar(255), role enum ('Admin','User'), primary key (id))
Hibernate: alter table if exists confirmation_token add constraint FKah4p1rycwibwm6s9bsyeckq51 foreign key (user_id) references users
2024-08-19T10:43:41.941+02:00  INFO 20556 --- [Session-Authentication] [           main] j.LocalContainerEntityManagerFactoryBean : Initialized JPA EntityManagerFactory for persistence unit 'default'
2024-08-19T10:43:42.047+02:00  WARN 20556 --- [Session-Authentication] [           main] JpaBaseConfiguration$JpaWebConfiguration : spring.jpa.open-in-view is enabled by default. Therefore, database queries may be performed during view rendering. Explicitly configure spring.jpa.open-in-view to disable this warning
2024-08-19T10:43:42.051+02:00  INFO 20556 --- [Session-Authentication] [           main] r$InitializeUserDetailsManagerConfigurer : Global AuthenticationManager configured with UserDetailsService bean with name userDetailsService
2024-08-19T10:43:42.193+02:00  INFO 20556 --- [Session-Authentication] [           main] o.s.b.t.m.w.SpringBootMockServletContext : Initializing Spring TestDispatcherServlet ''
2024-08-19T10:43:42.193+02:00  INFO 20556 --- [Session-Authentication] [           main] o.s.t.web.servlet.TestDispatcherServlet  : Initializing Servlet ''
2024-08-19T10:43:42.195+02:00  INFO 20556 --- [Session-Authentication] [           main] o.s.t.web.servlet.TestDispatcherServlet  : Completed initialization in 2 ms
2024-08-19T10:43:42.202+02:00  INFO 20556 --- [Session-Authentication] [           main] .n.S.A.a.CompleteLocalAuthenticationTest : Started CompleteLocalAuthenticationTest in 0.7 seconds (process running for 18.03)
2024-08-19T10:43:42.207+02:00  INFO 20556 --- [Session-Authentication] [           main] o.s.b.t.m.w.SpringBootMockServletContext : Initializing Spring TestDispatcherServlet ''
2024-08-19T10:43:42.207+02:00  INFO 20556 --- [Session-Authentication] [           main] o.s.t.web.servlet.TestDispatcherServlet  : Initializing Servlet ''
2024-08-19T10:43:42.208+02:00  INFO 20556 --- [Session-Authentication] [           main] o.s.t.web.servlet.TestDispatcherServlet  : Completed initialization in 1 ms
Hibernate: select u1_0.id,u1_0.email,u1_0.enabled,u1_0.first_name,u1_0.last_name,u1_0.locked,u1_0.password,u1_0.role from users u1_0 where u1_0.email=?
Hibernate: insert into users (email,enabled,first_name,last_name,locked,password,role,id) values (?,?,?,?,?,?,?,default)
Hibernate: insert into confirmation_token (confirmed,expires_at,token,user_id,id) values (?,?,?,?,default)
Hibernate: select c1_0.id,c1_0.confirmed,c1_0.expires_at,c1_0.token,c1_0.user_id from confirmation_token c1_0 where c1_0.token=?
Hibernate: select u1_0.id,u1_0.email,u1_0.enabled,u1_0.first_name,u1_0.last_name,u1_0.locked,u1_0.password,u1_0.role from users u1_0 where u1_0.id=?
Hibernate: update users set email=?,enabled=?,first_name=?,last_name=?,locked=?,password=?,role=? where id=?
Hibernate: update confirmation_token set confirmed=?,expires_at=?,token=?,user_id=? where id=?
Hibernate: select u1_0.id,u1_0.email,u1_0.enabled,u1_0.first_name,u1_0.last_name,u1_0.locked,u1_0.password,u1_0.role from users u1_0 where u1_0.email=?
]]></system-out>
  </testcase>
</testsuite>